# JRE version: OpenJDK Runtime Environment (21.0.8) (build 21.0.8+-14196175-b1038.72)
# Java VM: OpenJDK 64-Bit Server VM (21.0.8+-14196175-b1038.72, mixed mode, tiered, compressed oops, compressed class ptrs, g1 gc, windows-amd64)
GC Precious Log:
 CardTable entry size: 512
 Card Set container configuration: InlinePtr #cards 4 size 8 Array Of Cards #cards 16 size 48 Howl #buckets 8 coarsen threshold 3686 Howl Bitmap #cards 512 size 80 coarsen threshold 460 Card regions per heap region 1 cards per card region 4096
 CPUs: 4 total, 4 available
 Memory: 12208M
 Large Page Support: Disabled
 NUMA Support: Disabled
 Compressed Oops: Enabled (Zero based)
 Heap Region Size: 2M
 Heap Min Capacity: 8M
 Heap Initial Capacity: 192M
 Heap Max Capacity: 3054M
 Pre-touch: Disabled
 Parallel Workers: 4
 Concurrent Workers: 1
 Concurrent Refinement Workers: 4
 Periodic GC: Disabled
Heap:
 garbage-first heap   total 212992K, used 167841K [0x0000000741200000, 0x0000000800000000)
  region size 2048K, 17 young (34816K), 4 survivors (8192K)
 Metaspace       used 81330K, committed 81792K, reserved 1179648K
  class space    used 8677K, committed 8896K, reserved 1048576K
GC Heap History (20 events):
Event: 19.811 GC heap before
{Heap before GC invocations=27 (full 0):
 garbage-first heap   total 141312K, used 120423K [0x0000000741200000, 0x0000000800000000)
  region size 2048K, 18 young (36864K), 2 survivors (4096K)
 Metaspace       used 64633K, committed 64960K, reserved 1114112K
  class space    used 7359K, committed 7488K, reserved 1048576K
}
Event: 19.838 GC heap after
{Heap after GC invocations=28 (full 0):
 garbage-first heap   total 141312K, used 94502K [0x0000000741200000, 0x0000000800000000)
  region size 2048K, 3 young (6144K), 3 survivors (6144K)
 Metaspace       used 64633K, committed 64960K, reserved 1114112K
  class space    used 7359K, committed 7488K, reserved 1048576K
}
Event: 20.905 GC heap before
{Heap before GC invocations=28 (full 0):
 garbage-first heap   total 141312K, used 121126K [0x0000000741200000, 0x0000000800000000)
  region size 2048K, 16 young (32768K), 3 survivors (6144K)
 Metaspace       used 64941K, committed 65216K, reserved 1114112K
  class space    used 7385K, committed 7488K, reserved 1048576K
}
Event: 20.928 GC heap after
{Heap after GC invocations=29 (full 0):
 garbage-first heap   total 169984K, used 99079K [0x0000000741200000, 0x0000000800000000)
  region size 2048K, 2 young (4096K), 2 survivors (4096K)
 Metaspace       used 64941K, committed 65216K, reserved 1114112K
  class space    used 7385K, committed 7488K, reserved 1048576K
}
Event: 23.349 GC heap before
{Heap before GC invocations=30 (full 0):
 garbage-first heap   total 169984K, used 142087K [0x0000000741200000, 0x0000000800000000)
  region size 2048K, 23 young (47104K), 2 survivors (4096K)
 Metaspace       used 65380K, committed 65664K, reserved 1114112K
  class space    used 7403K, committed 7552K, reserved 1048576K
}
Event: 23.369 GC heap after
{Heap after GC invocations=31 (full 0):
 garbage-first heap   total 169984K, used 105668K [0x0000000741200000, 0x0000000800000000)
  region size 2048K, 3 young (6144K), 3 survivors (6144K)
 Metaspace       used 65380K, committed 65664K, reserved 1114112K
  class space    used 7403K, committed 7552K, reserved 1048576K
}
Event: 25.500 GC heap before
{Heap before GC invocations=31 (full 0):
 garbage-first heap   total 169984K, used 146628K [0x0000000741200000, 0x0000000800000000)
  region size 2048K, 23 young (47104K), 3 survivors (6144K)
 Metaspace       used 65738K, committed 66048K, reserved 1114112K
  class space    used 7410K, committed 7552K, reserved 1048576K
}
Event: 25.527 GC heap after
{Heap after GC invocations=32 (full 0):
 garbage-first heap   total 169984K, used 110124K [0x0000000741200000, 0x0000000800000000)
  region size 2048K, 3 young (6144K), 3 survivors (6144K)
 Metaspace       used 65738K, committed 66048K, reserved 1114112K
  class space    used 7410K, committed 7552K, reserved 1048576K
}
Event: 27.343 GC heap before
{Heap before GC invocations=32 (full 0):
 garbage-first heap   total 169984K, used 149036K [0x0000000741200000, 0x0000000800000000)
  region size 2048K, 22 young (45056K), 3 survivors (6144K)
 Metaspace       used 65957K, committed 66240K, reserved 1114112K
  class space    used 7418K, committed 7552K, reserved 1048576K
}
Event: 27.359 GC heap after
{Heap after GC invocations=33 (full 0):
 garbage-first heap   total 169984K, used 113833K [0x0000000741200000, 0x0000000800000000)
  region size 2048K, 2 young (4096K), 2 survivors (4096K)
 Metaspace       used 65957K, committed 66240K, reserved 1114112K
  class space    used 7418K, committed 7552K, reserved 1048576K
}
Event: 29.089 GC heap before
{Heap before GC invocations=34 (full 0):
 garbage-first heap   total 192512K, used 152745K [0x0000000741200000, 0x0000000800000000)
  region size 2048K, 21 young (43008K), 2 survivors (4096K)
 Metaspace       used 66191K, committed 66560K, reserved 1114112K
  class space    used 7423K, committed 7552K, reserved 1048576K
}
Event: 29.099 GC heap after
{Heap after GC invocations=35 (full 0):
 garbage-first heap   total 192512K, used 115802K [0x0000000741200000, 0x0000000800000000)
  region size 2048K, 3 young (6144K), 3 survivors (6144K)
 Metaspace       used 66191K, committed 66560K, reserved 1114112K
  class space    used 7423K, committed 7552K, reserved 1048576K
}
Event: 33.631 GC heap before
{Heap before GC invocations=35 (full 0):
 garbage-first heap   total 192512K, used 173146K [0x0000000741200000, 0x0000000800000000)
  region size 2048K, 31 young (63488K), 3 survivors (6144K)
 Metaspace       used 70501K, committed 70848K, reserved 1114112K
  class space    used 7756K, committed 7936K, reserved 1048576K
}
Event: 33.658 GC heap after
{Heap after GC invocations=36 (full 0):
 garbage-first heap   total 192512K, used 120089K [0x0000000741200000, 0x0000000800000000)
  region size 2048K, 4 young (8192K), 4 survivors (8192K)
 Metaspace       used 70501K, committed 70848K, reserved 1114112K
  class space    used 7756K, committed 7936K, reserved 1048576K
}
Event: 38.150 GC heap before
{Heap before GC invocations=36 (full 0):
 garbage-first heap   total 192512K, used 171289K [0x0000000741200000, 0x0000000800000000)
  region size 2048K, 29 young (59392K), 4 survivors (8192K)
 Metaspace       used 71291K, committed 71680K, reserved 1114112K
  class space    used 7811K, committed 8000K, reserved 1048576K
}
Event: 38.178 GC heap after
{Heap after GC invocations=37 (full 0):
 garbage-first heap   total 192512K, used 126288K [0x0000000741200000, 0x0000000800000000)
  region size 2048K, 3 young (6144K), 3 survivors (6144K)
 Metaspace       used 71291K, committed 71680K, reserved 1114112K
  class space    used 7811K, committed 8000K, reserved 1048576K
}
Event: 41.663 GC heap before
{Heap before GC invocations=38 (full 0):
 garbage-first heap   total 212992K, used 173392K [0x0000000741200000, 0x0000000800000000)
  region size 2048K, 26 young (53248K), 3 survivors (6144K)
 Metaspace       used 77048K, committed 77440K, reserved 1179648K
  class space    used 8321K, committed 8512K, reserved 1048576K
}
Event: 41.689 GC heap after
{Heap after GC invocations=39 (full 0):
 garbage-first heap   total 212992K, used 132895K [0x0000000741200000, 0x0000000800000000)
  region size 2048K, 4 young (8192K), 4 survivors (8192K)
 Metaspace       used 77048K, committed 77440K, reserved 1179648K
  class space    used 8321K, committed 8512K, reserved 1048576K
}
Event: 45.384 GC heap before
{Heap before GC invocations=39 (full 0):
 garbage-first heap   total 212992K, used 188191K [0x0000000741200000, 0x0000000800000000)
  region size 2048K, 31 young (63488K), 4 survivors (8192K)
 Metaspace       used 79055K, committed 79424K, reserved 1179648K
  class space    used 8469K, committed 8640K, reserved 1048576K
}
Event: 45.439 GC heap after
{Heap after GC invocations=40 (full 0):
 garbage-first heap   total 212992K, used 143265K [0x0000000741200000, 0x0000000800000000)
  region size 2048K, 4 young (8192K), 4 survivors (8192K)
 Metaspace       used 79055K, committed 79424K, reserved 1179648K
  class space    used 8469K, committed 8640K, reserved 1048576K
}

